<?xml version="1.0" encoding="UTF-8"?>
<testsuite name="TestSuite" time="624.822" tests="3" errors="0" skipped="2" failures="1">
  <properties>
    <property name="java.runtime.name" value="Java(TM) SE Runtime Environment"/>
    <property name="sun.boot.library.path" value="C:\Program Files\Java\jdk1.8.0\jre\bin"/>
    <property name="java.vm.version" value="25.0-b55"/>
    <property name="java.vm.vendor" value="Oracle Corporation"/>
    <property name="maven.multiModuleProjectDirectory" value="D:\Workspace\eSign"/>
    <property name="java.vendor.url" value="http://java.oracle.com/"/>
    <property name="path.separator" value=";"/>
    <property name="guice.disable.misplaced.annotation.check" value="true"/>
    <property name="java.vm.name" value="Java HotSpot(TM) 64-Bit Server VM"/>
    <property name="file.encoding.pkg" value="sun.io"/>
    <property name="https.protocols.TLSv1.2" value="true"/>
    <property name="user.script" value=""/>
    <property name="user.country" value="IN"/>
    <property name="sun.java.launcher" value="SUN_STANDARD"/>
    <property name="sun.os.patch.level" value=""/>
    <property name="java.vm.specification.name" value="Java Virtual Machine Specification"/>
    <property name="user.dir" value="D:\Workspace\eSign"/>
    <property name="java.runtime.version" value="1.8.0-ea-b113"/>
    <property name="java.awt.graphicsenv" value="sun.awt.Win32GraphicsEnvironment"/>
    <property name="java.endorsed.dirs" value="C:\Program Files\Java\jdk1.8.0\jre\lib\endorsed"/>
    <property name="os.arch" value="amd64"/>
    <property name="java.io.tmpdir" value="C:\Users\IBALL~1\AppData\Local\Temp\"/>
    <property name="line.separator" value="&#10;"/>
    <property name="java.vm.specification.vendor" value="Oracle Corporation"/>
    <property name="user.variant" value=""/>
    <property name="os.name" value="Windows 7"/>
    <property name="classworlds.conf" value="C:\Users\Public\Downloads\apache-maven-3.5.2\bin\..\bin\m2.conf"/>
    <property name="sun.jnu.encoding" value="Cp1252"/>
    <property name="java.library.path" value="C:\Program Files\Java\jdk1.8.0\bin;C:\Windows\Sun\Java\bin;C:\Windows\system32;C:\Windows;C:\Windows\system32;C:\Windows;C:\Windows\System32\Wbem;C:\Windows\System32\WindowsPowerShell\v1.0\;D:\Software\apache-maven-3.5.2\bin;C:\Program Files\Java\jdk1.8.0\bin;C:\Users\Public\Downloads\apache-maven-3.5.2\bin;C:\Program Files\Git\cmd;D:\Vishal\AppiumNew\android-sdk-windows\build-tools\25.0.0;D:\Vishal\AppiumNew\android-sdk-windows\platform-tools;D:\Vishal\AppiumNew\android-sdk-windows\build-tools\aapt.exe;C:\Users\i ball\AppData\Roaming\npm;."/>
    <property name="maven.conf" value="C:\Users\Public\Downloads\apache-maven-3.5.2\bin\../conf"/>
    <property name="java.specification.name" value="Java Platform API Specification"/>
    <property name="java.class.version" value="52.0"/>
    <property name="sun.management.compiler" value="HotSpot 64-Bit Tiered Compilers"/>
    <property name="os.version" value="6.1"/>
    <property name="library.jansi.path" value="C:\Users\Public\Downloads\apache-maven-3.5.2\bin\..\lib\jansi-native"/>
    <property name="user.home" value="C:\Users\i ball"/>
    <property name="user.timezone" value="Asia/Calcutta"/>
    <property name="java.awt.printerjob" value="sun.awt.windows.WPrinterJob"/>
    <property name="java.specification.version" value="1.8"/>
    <property name="file.encoding" value="Cp1252"/>
    <property name="user.name" value="i ball"/>
    <property name="java.class.path" value="C:\Users\Public\Downloads\apache-maven-3.5.2\bin\..\boot\plexus-classworlds-2.5.2.jar"/>
    <property name="java.vm.specification.version" value="1.8"/>
    <property name="sun.arch.data.model" value="64"/>
    <property name="java.home" value="C:\Program Files\Java\jdk1.8.0\jre"/>
    <property name="sun.java.command" value="org.codehaus.plexus.classworlds.launcher.Launcher test -Dhttps.protocols.TLSv1.2"/>
    <property name="java.specification.vendor" value="Oracle Corporation"/>
    <property name="user.language" value="en"/>
    <property name="awt.toolkit" value="sun.awt.windows.WToolkit"/>
    <property name="java.vm.info" value="mixed mode"/>
    <property name="java.version" value="1.8.0-ea"/>
    <property name="java.ext.dirs" value="C:\Program Files\Java\jdk1.8.0\jre\lib\ext;C:\Windows\Sun\Java\lib\ext"/>
    <property name="sun.boot.class.path" value="C:\Program Files\Java\jdk1.8.0\jre\lib\resources.jar;C:\Program Files\Java\jdk1.8.0\jre\lib\rt.jar;C:\Program Files\Java\jdk1.8.0\jre\lib\sunrsasign.jar;C:\Program Files\Java\jdk1.8.0\jre\lib\jsse.jar;C:\Program Files\Java\jdk1.8.0\jre\lib\jce.jar;C:\Program Files\Java\jdk1.8.0\jre\lib\charsets.jar;C:\Program Files\Java\jdk1.8.0\jre\lib\jfr.jar;C:\Program Files\Java\jdk1.8.0\jre\classes"/>
    <property name="sun.stderr.encoding" value="cp437"/>
    <property name="java.vendor" value="Oracle Corporation"/>
    <property name="maven.home" value="C:\Users\Public\Downloads\apache-maven-3.5.2\bin\.."/>
    <property name="file.separator" value="\"/>
    <property name="java.vendor.url.bug" value="http://bugreport.sun.com/bugreport/"/>
    <property name="sun.cpu.endian" value="little"/>
    <property name="sun.io.unicode.encoding" value="UnicodeLittle"/>
    <property name="sun.stdout.encoding" value="cp437"/>
    <property name="sun.desktop" value="windows"/>
    <property name="sun.cpu.isalist" value="amd64"/>
  </properties>
  <testcase name="SignedForOneSigner" classname="com.eSign.index.SignedForOneSigner_index" time="0">
    <skipped/>
    <system-out><![CDATA[[TestNGContentHandler] [WARN] It is strongly recommended to add "<!DOCTYPE suite SYSTEM "http://testng.org/testng-1.0.dtd" >" at the top of your file, otherwise TestNG may fail or not work as expected.
...
... TestNG 6.14.2 by CÃ©dric Beust (cedric@beust.com)
...

Call getURL.......
full path D:\Workspace\eSign\.\Resources\ReadExcelData.xlsx con D:\Workspace\eSign\Resources\ReadExcelData.xlsx
 Before Test 
Set up Start =====
creating directory: 
DIR created
full path D:\Workspace\eSign\.\Resources\ReadExcelData.xlsx con D:\Workspace\eSign\Resources\ReadExcelData.xlsx
=========Chorme Driver ==========
Call getURL.......
full path D:\Workspace\eSign\.\Resources\ReadExcelData.xlsx con D:\Workspace\eSign\Resources\ReadExcelData.xlsx
======>Abstract Page<======
======>Abstract Page<======
Verify that User is in Login Page and Username and Password Option is Available
Time and Date of Test Execution===>2018-11-23  10:59:26
Login Page : Verify that User is Login with Valid Username and Password.
Step 1Enter Username
full path D:\Workspace\eSign\.\Resources\ReadExcelData.xlsx con D:\Workspace\eSign\Resources\ReadExcelData.xlsx
  -> Username entered: sy1-dev09-owner@e-signsolutions.com
======>Abstract Page<======
Step 2Enter Password
full path D:\Workspace\eSign\.\Resources\ReadExcelData.xlsx con D:\Workspace\eSign\Resources\ReadExcelData.xlsx
  -> Password entered: N#abe7dd95b55c1d635349395d8d9244
======>Abstract Page<======
Step 3Click on Login Button
======>Abstract Page<======
	User Full Name is Displayed ===>Welcome DEV09 Account
	Get the Current Page URL ===>https://go-env-syd9.clickandsign.net:19443/dashboard/
===>USer is Redirected to Home Page</br>

Step 4Choose Option From WorkFlow DropDown
  -> Select workflow from the DropDown: IBM Digital Contracts Demo v. 1
======>Abstract Page<======
Step 5Click on Create Option
  -> Click on Create Optioncreate
======>Abstract Page<======
Step 6Fill the Borrower 1 Details
  -> Internal Refrence Value ===>InternalRefranceNamerFdqjRBa
  -> First Name ===>FirstNameomhBMDvb
  -> Last Name ===>LastNameKmTtyncS
  -> Email Id ===>autoemailBorrowerJysrepVQ@mailinator.com
  -> Phone Number ===>+61444444444
======>Abstract Page<======
Step 7Attach the WARF Document Randomly
  -> Total Number of Document Attached in Page ===>5
  -> 4 Attachments going to be select.
  ->Attachment is Selected
  ->Attachment is Selected
  ->Attachment is Selected
  ->Attachment is Selected
======>Abstract Page<======
Step 8Click on Check Box For Guarantor ::1 and fill all details
Click on Check Box Guarantor::1
  -> First Name ===>FirstNameywXetyDxyL
  -> Last Name ===>LastNamevWqZSEUSPJ
  -> Email Id ===>autoemailgurantorVgNENttPBX@mailinator.com
  -> Phone Number ===>+61444444444
======>Abstract Page<======
Step 9Click on Check Box For Relationship Manager and fill all details
Click on Check Box Relationship Manager::
  -> First Name ===>FirstNameHEhJuwWiTuhh
  -> Last Name ===>LastNamevWqZSEUSPJ
  -> Email Id ===>autoemailgurantorVgNENttPBX@mailinator.com
  -> Phone Number ===>+61444444444
======>Abstract Page<======
Step 10Click on Warf Attachment CheckBox
  -> Number of element Under Warf File ===>12
======>Abstract Page<======
Step 11Click on Create Button
  -> Click on Create Button After filling All the Details ===>Create
============Apply NOw:::::::::Test::::::Create
======>Abstract Page<======
Step 12Click on Create Button
  -> Click on Cloud service Aggrement <-  
  -> New File Uploaded ===>D:\Workspace\eSign\Resources\Cloud Hosting Agreement.pdf
Waiting for the element to be clickable.
  -> Click on Send Now Button 
======>Abstract Page<======
Step 13Click on Create Button
  ===>  Navigate to Mailinator  <===
 --> Email ID In Mailinator ===>autoemailBorrowerJysrepVQ@mailinator.com
Waiting for the element to be clickable.
======>Abstract Page<======
Step 14Click on Create Button
============Apply NOw:::::::::Test::::::Loan documents are ready for reference number : InternalRefranceNamerFdqjRBa .
  ---> Click on First mail in Email 
Waiting for the element to be clickable.
   ---> Click on My Document Option Go to My documents
============Apply NOw:::::::::Test::::::Accept
============Apply NOw:::::::::Test::::::Request SMS Authentication Code
  ---->Enter SMS Code Authentication====>555555
Waiting for the element to be clickable.
  ---->Click on Authentication option after sms Code<----
======>Abstract Page<======
Step 15Click on Loan Document Page and Fill The Loan Document Details
  ---->Click on Product Disclosure Statement Example <----
Waiting for the element to be clickable.
--->Click on Back to Loan document Page<---
  ---->Click on Product Disclosure Statement Example <----
Waiting for the element to be clickable.
===> Click on Message dropdown Icon
Waiting for the element to be clickable.
===>Click To Sign Option
Waiting for the element to be clickable.
===>Click on Ok Button Under Pop Up 
Waiting for the element to be clickable.
====>Click on Return Home Page to go Back to Home Page
Waiting for the element to be clickable.
====>Click on CheckBox of are you Ready to Upload Transfer of Land
Waiting for the element to be clickable.
====>Click on Ready to Upload
====>Choose the Cloud Hosting Aggrement File
Waiting for the element to be clickable.
====> After Selecting the File Upload the File
Waiting for the element to be clickable.
====>Click on CheckBox of are you Ready to Upload Transfer of Land
Waiting for the element to be clickable.
====>Click on Ready to Upload
====>Choose the Cloud Hosting Aggrement File
Waiting for the element to be clickable.
====> After Selecting the File Upload the File
Waiting for the element to be clickable.
====>Click on CheckBox of are you Ready to Upload Transfer of Land
Waiting for the element to be clickable.
====>Click on Ready to Upload
====>Choose the Cloud Hosting Aggrement File
Waiting for the element to be clickable.
====> After Selecting the File Upload the File
Waiting for the element to be clickable.
====>Click on CheckBox of are you Ready to Upload Transfer of Land
Waiting for the element to be clickable.
====>Click on Ready to Upload
====>Choose the Cloud Hosting Aggrement File
Waiting for the element to be clickable.
====> After Selecting the File Upload the File
======>Abstract Page<======
Retrying test Execution: SignedForOneSigner with status FAILURE for the 1 time(s).
]]></system-out>
    <system-err><![CDATA[File Path ============D:\Workspace\eSign\.\lib\chromedriver_2_41.exe
Nov 23, 2018 10:59:11 AM org.openqa.selenium.remote.DesiredCapabilities chrome
INFO: Using `new ChromeOptions()` is preferred to `DesiredCapabilities.chrome()`
Starting ChromeDriver 2.41.578737 (49da6702b16031c40d63e5618de03a32ff6c197e) on port 4945
Only local connections are allowed.
Nov 23, 2018 10:59:14 AM org.openqa.selenium.remote.ProtocolHandshake createSession
INFO: Detected dialect: OSS
Time and Date of Test Execution===>2018-11-23  10:59:26
	User Full Name is Displayed ===>Welcome DEV09 Account
	Get the Current Page URL ===>https://go-env-syd9.clickandsign.net:19443/dashboard/
   --------->CDwindow-D05EC317D2850CA30E94C9C333E16A8C<----------------- 
----CDwindow-D05EC317D2850CA30E94C9C333E16A8C-----
----CDwindow-BAE9615E9C7254DE1AEB3573B0DE2959-----
Upload Document Size=====>4
D:\Workspace\eSign\Resources\Cloud Hosting Agreement.pdf
File Selected and Ready to upload
D:\Workspace\eSign\Resources\Cloud Hosting Agreement.pdf
File Selected and Ready to upload
D:\Workspace\eSign\Resources\Cloud Hosting Agreement.pdf
File Selected and Ready to upload
D:\Workspace\eSign\Resources\Cloud Hosting Agreement.pdf
File Selected and Ready to upload
]]></system-err>
  </testcase>
  <testcase name="setUp" classname="com.eSign.index.SignedForOneSigner_index" time="624.822">
    <failure message="no such window: target window already closed&#10;from unknown error: web view not found&#10;  (Session info: chrome=70.0.3538.102)&#10;  (Driver info: chromedriver=2.41.578737 (49da6702b16031c40d63e5618de03a32ff6c197e),platform=Windows NT 6.1.7600 x86_64) (WARNING: The server did not provide any stacktrace information)&#10;Command duration or timeout: 0 milliseconds&#10;Build info: version: &apos;3.13.0&apos;, revision: &apos;2f0d292&apos;, time: &apos;2018-06-25T15:24:21.231Z&apos;&#10;System info: host: &apos;IBALL-PC&apos;, ip: &apos;192.168.56.1&apos;, os.name: &apos;Windows 7&apos;, os.arch: &apos;amd64&apos;, os.version: &apos;6.1&apos;, java.version: &apos;1.8.0-ea&apos;&#10;Driver info: org.openqa.selenium.chrome.ChromeDriver&#10;Capabilities {acceptInsecureCerts: false, acceptSslCerts: false, applicationCacheEnabled: false, browserConnectionEnabled: false, browserName: chrome, chrome: {chromedriverVersion: 2.41.578737 (49da6702b16031..., userDataDir: C:\Users\IBALL~1\AppData\Lo...}, cssSelectorsEnabled: true, databaseEnabled: false, goog:chromeOptions: {debuggerAddress: localhost:62277}, handlesAlerts: true, hasTouchScreen: false, javascriptEnabled: true, locationContextEnabled: true, mobileEmulationEnabled: false, nativeEvents: true, networkConnectionEnabled: false, pageLoadStrategy: normal, platform: XP, platformName: XP, rotatable: false, setWindowRect: true, takesHeapSnapshot: true, takesScreenshot: true, unexpectedAlertBehaviour: , unhandledPromptBehavior: , version: 70.0.3538.102, webStorageEnabled: true}&#10;Session ID: 283df7c8441febc9c8aa7fd078fbf874" type="org.openqa.selenium.NoSuchWindowException"><![CDATA[org.openqa.selenium.NoSuchWindowException: no such window: target window already closed
from unknown error: web view not found
  (Session info: chrome=70.0.3538.102)
  (Driver info: chromedriver=2.41.578737 (49da6702b16031c40d63e5618de03a32ff6c197e),platform=Windows NT 6.1.7600 x86_64) (WARNING: The server did not provide any stacktrace information)
Command duration or timeout: 0 milliseconds
Build info: version: '3.13.0', revision: '2f0d292', time: '2018-06-25T15:24:21.231Z'
System info: host: 'IBALL-PC', ip: '192.168.56.1', os.name: 'Windows 7', os.arch: 'amd64', os.version: '6.1', java.version: '1.8.0-ea'
Driver info: org.openqa.selenium.chrome.ChromeDriver
Capabilities {acceptInsecureCerts: false, acceptSslCerts: false, applicationCacheEnabled: false, browserConnectionEnabled: false, browserName: chrome, chrome: {chromedriverVersion: 2.41.578737 (49da6702b16031..., userDataDir: C:\Users\IBALL~1\AppData\Lo...}, cssSelectorsEnabled: true, databaseEnabled: false, goog:chromeOptions: {debuggerAddress: localhost:62277}, handlesAlerts: true, hasTouchScreen: false, javascriptEnabled: true, locationContextEnabled: true, mobileEmulationEnabled: false, nativeEvents: true, networkConnectionEnabled: false, pageLoadStrategy: normal, platform: XP, platformName: XP, rotatable: false, setWindowRect: true, takesHeapSnapshot: true, takesScreenshot: true, unexpectedAlertBehaviour: , unhandledPromptBehavior: , version: 70.0.3538.102, webStorageEnabled: true}
Session ID: 283df7c8441febc9c8aa7fd078fbf874
	at sun.reflect.NativeConstructorAccessorImpl.newInstance0(Native Method)
	at sun.reflect.NativeConstructorAccessorImpl.newInstance(NativeConstructorAccessorImpl.java:57)
	at sun.reflect.DelegatingConstructorAccessorImpl.newInstance(DelegatingConstructorAccessorImpl.java:45)
	at java.lang.reflect.Constructor.newInstance(Constructor.java:406)
	at org.openqa.selenium.remote.ErrorHandler.createThrowable(ErrorHandler.java:214)
	at org.openqa.selenium.remote.ErrorHandler.throwIfResponseFailed(ErrorHandler.java:166)
	at org.openqa.selenium.remote.http.JsonHttpResponseCodec.reconstructValue(JsonHttpResponseCodec.java:40)
	at org.openqa.selenium.remote.http.AbstractHttpResponseCodec.decode(AbstractHttpResponseCodec.java:80)
	at org.openqa.selenium.remote.http.AbstractHttpResponseCodec.decode(AbstractHttpResponseCodec.java:44)
	at org.openqa.selenium.remote.HttpCommandExecutor.execute(HttpCommandExecutor.java:158)
	at org.openqa.selenium.remote.service.DriverCommandExecutor.execute(DriverCommandExecutor.java:83)
	at org.openqa.selenium.remote.RemoteWebDriver.execute(RemoteWebDriver.java:548)
	at org.openqa.selenium.remote.RemoteWebDriver.execute(RemoteWebDriver.java:605)
	at org.openqa.selenium.remote.RemoteWebDriver.getWindowHandle(RemoteWebDriver.java:468)
	at com.eSign.indexpage.SignedForOneSigner_generalindexpage.<init>(SignedForOneSigner_generalindexpage.java:353)
	at com.eSign.init.SeleniumInit.setUp(SeleniumInit.java:221)
	at sun.reflect.NativeMethodAccessorImpl.invoke0(Native Method)
	at sun.reflect.NativeMethodAccessorImpl.invoke(NativeMethodAccessorImpl.java:57)
	at sun.reflect.DelegatingMethodAccessorImpl.invoke(DelegatingMethodAccessorImpl.java:43)
	at java.lang.reflect.Method.invoke(Method.java:483)
	at org.testng.internal.MethodInvocationHelper.invokeMethod(MethodInvocationHelper.java:124)
	at org.testng.internal.MethodInvocationHelper.invokeMethodConsideringTimeout(MethodInvocationHelper.java:59)
	at org.testng.internal.Invoker.invokeConfigurationMethod(Invoker.java:455)
	at org.testng.internal.Invoker.invokeConfigurations(Invoker.java:222)
	at org.testng.internal.Invoker.invokeMethod(Invoker.java:520)
	at org.testng.internal.Invoker.retryFailed(Invoker.java:838)
	at org.testng.internal.Invoker.invokeTestMethods(Invoker.java:1009)
	at org.testng.internal.TestMethodWorker.invokeTestMethods(TestMethodWorker.java:125)
	at org.testng.internal.TestMethodWorker.run(TestMethodWorker.java:109)
	at org.testng.TestRunner.privateRun(TestRunner.java:648)
	at org.testng.TestRunner.run(TestRunner.java:505)
	at org.testng.SuiteRunner.runTest(SuiteRunner.java:455)
	at org.testng.SuiteRunner.access$000(SuiteRunner.java:40)
	at org.testng.SuiteRunner$SuiteWorker.run(SuiteRunner.java:489)
	at org.testng.internal.thread.ThreadUtil$1.call(ThreadUtil.java:52)
	at java.util.concurrent.FutureTask.run(FutureTask.java:266)
	at java.util.concurrent.ThreadPoolExecutor.runWorker(ThreadPoolExecutor.java:1142)
	at java.util.concurrent.ThreadPoolExecutor$Worker.run(ThreadPoolExecutor.java:617)
	at java.lang.Thread.run(Thread.java:744)
]]></failure>
    <system-out><![CDATA[
=========++++   >>  
TEST FAILED - SignedForOneSigner

ERROR MESSAGE: org.openqa.selenium.NoSuchElementException: Timed out after 15 seconds. Unable to locate the element


<br><Strong><font color=#FF0000>--Failed</font></strong>
<a href='screenshots/1123110945498SignedForOneSigner.png' target='_new'>1123110945498SignedForOneSigner.png</a>
Fail
<hr size='15px' noshade color='red'>
Set up Start =====
creating directory: 
DIR created
full path D:\Workspace\eSign\.\Resources\ReadExcelData.xlsx con D:\Workspace\eSign\Resources\ReadExcelData.xlsx
=========Chorme Driver ==========
Call getURL.......
full path D:\Workspace\eSign\.\Resources\ReadExcelData.xlsx con D:\Workspace\eSign\Resources\ReadExcelData.xlsx
======>Abstract Page<======
]]></system-out>
    <system-err><![CDATA[----------->         null
Nov 23, 2018 11:09:45 AM org.openqa.selenium.remote.Augmenter extractRemoteWebDriver
WARNING: Augmenter should be applied to the instances of @Augmentable classes or previously augmented instances only (instance class was: class org.openqa.selenium.chrome.ChromeDriver)
File Path ============D:\Workspace\eSign\.\lib\chromedriver_2_41.exe
Nov 23, 2018 11:09:46 AM org.openqa.selenium.remote.DesiredCapabilities chrome
INFO: Using `new ChromeOptions()` is preferred to `DesiredCapabilities.chrome()`
Starting ChromeDriver 2.41.578737 (49da6702b16031c40d63e5618de03a32ff6c197e) on port 41274
Only local connections are allowed.
Nov 23, 2018 11:09:49 AM org.openqa.selenium.remote.ProtocolHandshake createSession
INFO: Detected dialect: OSS
[1542951591.413][SEVERE]: Unable to receive message from renderer
]]></system-err>
  </testcase>
  <testcase name="SignedForOneSigner" classname="com.eSign.index.SignedForOneSigner_index" time="0">
    <skipped/>
  </testcase>
</testsuite>